Determining if the CL_VERSION_2_2 exist failed with the following output:
Change Dir: /home/shane/stitching/AsProjectiveAsPossible/build/CMakeFiles/CMakeTmp

Run Build Command(s):/usr/bin/make cmTC_32523/fast && /usr/bin/make -f CMakeFiles/cmTC_32523.dir/build.make CMakeFiles/cmTC_32523.dir/build
make[1]: Entering directory '/home/shane/stitching/AsProjectiveAsPossible/build/CMakeFiles/CMakeTmp'
Building C object CMakeFiles/cmTC_32523.dir/CheckSymbolExists.c.o
/bin/gcc-9    -o CMakeFiles/cmTC_32523.dir/CheckSymbolExists.c.o   -c /home/shane/stitching/AsProjectiveAsPossible/build/CMakeFiles/CMakeTmp/CheckSymbolExists.c
/home/shane/stitching/AsProjectiveAsPossible/build/CMakeFiles/CMakeTmp/CheckSymbolExists.c:2:10: fatal error: OpenCL_INCLUDE_DIR-NOTFOUND/CL/cl.h: No such file or directory
    2 | #include <OpenCL_INCLUDE_DIR-NOTFOUND/CL/cl.h>
      |          ^~~~~~~~~~~~~~~~~~~~~~~~~~~~~~~~~~~~~
compilation terminated.
make[1]: *** [CMakeFiles/cmTC_32523.dir/build.make:66: CMakeFiles/cmTC_32523.dir/CheckSymbolExists.c.o] Error 1
make[1]: Leaving directory '/home/shane/stitching/AsProjectiveAsPossible/build/CMakeFiles/CMakeTmp'
make: *** [Makefile:121: cmTC_32523/fast] Error 2


File /home/shane/stitching/AsProjectiveAsPossible/build/CMakeFiles/CMakeTmp/CheckSymbolExists.c:
/* */
#include <OpenCL_INCLUDE_DIR-NOTFOUND/CL/cl.h>

int main(int argc, char** argv)
{
  (void)argv;
#ifndef CL_VERSION_2_2
  return ((int*)(&CL_VERSION_2_2))[argc];
#else
  (void)argc;
  return 0;
#endif
}
Determining if the CL_VERSION_2_1 exist failed with the following output:
Change Dir: /home/shane/stitching/AsProjectiveAsPossible/build/CMakeFiles/CMakeTmp

Run Build Command(s):/usr/bin/make cmTC_05279/fast && /usr/bin/make -f CMakeFiles/cmTC_05279.dir/build.make CMakeFiles/cmTC_05279.dir/build
make[1]: Entering directory '/home/shane/stitching/AsProjectiveAsPossible/build/CMakeFiles/CMakeTmp'
Building C object CMakeFiles/cmTC_05279.dir/CheckSymbolExists.c.o
/bin/gcc-9    -o CMakeFiles/cmTC_05279.dir/CheckSymbolExists.c.o   -c /home/shane/stitching/AsProjectiveAsPossible/build/CMakeFiles/CMakeTmp/CheckSymbolExists.c
/home/shane/stitching/AsProjectiveAsPossible/build/CMakeFiles/CMakeTmp/CheckSymbolExists.c:2:10: fatal error: OpenCL_INCLUDE_DIR-NOTFOUND/CL/cl.h: No such file or directory
    2 | #include <OpenCL_INCLUDE_DIR-NOTFOUND/CL/cl.h>
      |          ^~~~~~~~~~~~~~~~~~~~~~~~~~~~~~~~~~~~~
compilation terminated.
make[1]: *** [CMakeFiles/cmTC_05279.dir/build.make:66: CMakeFiles/cmTC_05279.dir/CheckSymbolExists.c.o] Error 1
make[1]: Leaving directory '/home/shane/stitching/AsProjectiveAsPossible/build/CMakeFiles/CMakeTmp'
make: *** [Makefile:121: cmTC_05279/fast] Error 2


File /home/shane/stitching/AsProjectiveAsPossible/build/CMakeFiles/CMakeTmp/CheckSymbolExists.c:
/* */
#include <OpenCL_INCLUDE_DIR-NOTFOUND/CL/cl.h>

int main(int argc, char** argv)
{
  (void)argv;
#ifndef CL_VERSION_2_1
  return ((int*)(&CL_VERSION_2_1))[argc];
#else
  (void)argc;
  return 0;
#endif
}
Determining if the CL_VERSION_2_0 exist failed with the following output:
Change Dir: /home/shane/stitching/AsProjectiveAsPossible/build/CMakeFiles/CMakeTmp

Run Build Command(s):/usr/bin/make cmTC_9e3b5/fast && /usr/bin/make -f CMakeFiles/cmTC_9e3b5.dir/build.make CMakeFiles/cmTC_9e3b5.dir/build
make[1]: Entering directory '/home/shane/stitching/AsProjectiveAsPossible/build/CMakeFiles/CMakeTmp'
Building C object CMakeFiles/cmTC_9e3b5.dir/CheckSymbolExists.c.o
/bin/gcc-9    -o CMakeFiles/cmTC_9e3b5.dir/CheckSymbolExists.c.o   -c /home/shane/stitching/AsProjectiveAsPossible/build/CMakeFiles/CMakeTmp/CheckSymbolExists.c
/home/shane/stitching/AsProjectiveAsPossible/build/CMakeFiles/CMakeTmp/CheckSymbolExists.c:2:10: fatal error: OpenCL_INCLUDE_DIR-NOTFOUND/CL/cl.h: No such file or directory
    2 | #include <OpenCL_INCLUDE_DIR-NOTFOUND/CL/cl.h>
      |          ^~~~~~~~~~~~~~~~~~~~~~~~~~~~~~~~~~~~~
compilation terminated.
make[1]: *** [CMakeFiles/cmTC_9e3b5.dir/build.make:66: CMakeFiles/cmTC_9e3b5.dir/CheckSymbolExists.c.o] Error 1
make[1]: Leaving directory '/home/shane/stitching/AsProjectiveAsPossible/build/CMakeFiles/CMakeTmp'
make: *** [Makefile:121: cmTC_9e3b5/fast] Error 2


File /home/shane/stitching/AsProjectiveAsPossible/build/CMakeFiles/CMakeTmp/CheckSymbolExists.c:
/* */
#include <OpenCL_INCLUDE_DIR-NOTFOUND/CL/cl.h>

int main(int argc, char** argv)
{
  (void)argv;
#ifndef CL_VERSION_2_0
  return ((int*)(&CL_VERSION_2_0))[argc];
#else
  (void)argc;
  return 0;
#endif
}
Determining if the CL_VERSION_1_2 exist failed with the following output:
Change Dir: /home/shane/stitching/AsProjectiveAsPossible/build/CMakeFiles/CMakeTmp

Run Build Command(s):/usr/bin/make cmTC_f76e4/fast && /usr/bin/make -f CMakeFiles/cmTC_f76e4.dir/build.make CMakeFiles/cmTC_f76e4.dir/build
make[1]: Entering directory '/home/shane/stitching/AsProjectiveAsPossible/build/CMakeFiles/CMakeTmp'
Building C object CMakeFiles/cmTC_f76e4.dir/CheckSymbolExists.c.o
/bin/gcc-9    -o CMakeFiles/cmTC_f76e4.dir/CheckSymbolExists.c.o   -c /home/shane/stitching/AsProjectiveAsPossible/build/CMakeFiles/CMakeTmp/CheckSymbolExists.c
/home/shane/stitching/AsProjectiveAsPossible/build/CMakeFiles/CMakeTmp/CheckSymbolExists.c:2:10: fatal error: OpenCL_INCLUDE_DIR-NOTFOUND/CL/cl.h: No such file or directory
    2 | #include <OpenCL_INCLUDE_DIR-NOTFOUND/CL/cl.h>
      |          ^~~~~~~~~~~~~~~~~~~~~~~~~~~~~~~~~~~~~
compilation terminated.
make[1]: *** [CMakeFiles/cmTC_f76e4.dir/build.make:66: CMakeFiles/cmTC_f76e4.dir/CheckSymbolExists.c.o] Error 1
make[1]: Leaving directory '/home/shane/stitching/AsProjectiveAsPossible/build/CMakeFiles/CMakeTmp'
make: *** [Makefile:121: cmTC_f76e4/fast] Error 2


File /home/shane/stitching/AsProjectiveAsPossible/build/CMakeFiles/CMakeTmp/CheckSymbolExists.c:
/* */
#include <OpenCL_INCLUDE_DIR-NOTFOUND/CL/cl.h>

int main(int argc, char** argv)
{
  (void)argv;
#ifndef CL_VERSION_1_2
  return ((int*)(&CL_VERSION_1_2))[argc];
#else
  (void)argc;
  return 0;
#endif
}
Determining if the CL_VERSION_1_1 exist failed with the following output:
Change Dir: /home/shane/stitching/AsProjectiveAsPossible/build/CMakeFiles/CMakeTmp

Run Build Command(s):/usr/bin/make cmTC_21f0e/fast && /usr/bin/make -f CMakeFiles/cmTC_21f0e.dir/build.make CMakeFiles/cmTC_21f0e.dir/build
make[1]: Entering directory '/home/shane/stitching/AsProjectiveAsPossible/build/CMakeFiles/CMakeTmp'
Building C object CMakeFiles/cmTC_21f0e.dir/CheckSymbolExists.c.o
/bin/gcc-9    -o CMakeFiles/cmTC_21f0e.dir/CheckSymbolExists.c.o   -c /home/shane/stitching/AsProjectiveAsPossible/build/CMakeFiles/CMakeTmp/CheckSymbolExists.c
/home/shane/stitching/AsProjectiveAsPossible/build/CMakeFiles/CMakeTmp/CheckSymbolExists.c:2:10: fatal error: OpenCL_INCLUDE_DIR-NOTFOUND/CL/cl.h: No such file or directory
    2 | #include <OpenCL_INCLUDE_DIR-NOTFOUND/CL/cl.h>
      |          ^~~~~~~~~~~~~~~~~~~~~~~~~~~~~~~~~~~~~
compilation terminated.
make[1]: *** [CMakeFiles/cmTC_21f0e.dir/build.make:66: CMakeFiles/cmTC_21f0e.dir/CheckSymbolExists.c.o] Error 1
make[1]: Leaving directory '/home/shane/stitching/AsProjectiveAsPossible/build/CMakeFiles/CMakeTmp'
make: *** [Makefile:121: cmTC_21f0e/fast] Error 2


File /home/shane/stitching/AsProjectiveAsPossible/build/CMakeFiles/CMakeTmp/CheckSymbolExists.c:
/* */
#include <OpenCL_INCLUDE_DIR-NOTFOUND/CL/cl.h>

int main(int argc, char** argv)
{
  (void)argv;
#ifndef CL_VERSION_1_1
  return ((int*)(&CL_VERSION_1_1))[argc];
#else
  (void)argc;
  return 0;
#endif
}
Determining if the CL_VERSION_1_0 exist failed with the following output:
Change Dir: /home/shane/stitching/AsProjectiveAsPossible/build/CMakeFiles/CMakeTmp

Run Build Command(s):/usr/bin/make cmTC_7d75e/fast && /usr/bin/make -f CMakeFiles/cmTC_7d75e.dir/build.make CMakeFiles/cmTC_7d75e.dir/build
make[1]: Entering directory '/home/shane/stitching/AsProjectiveAsPossible/build/CMakeFiles/CMakeTmp'
Building C object CMakeFiles/cmTC_7d75e.dir/CheckSymbolExists.c.o
/bin/gcc-9    -o CMakeFiles/cmTC_7d75e.dir/CheckSymbolExists.c.o   -c /home/shane/stitching/AsProjectiveAsPossible/build/CMakeFiles/CMakeTmp/CheckSymbolExists.c
/home/shane/stitching/AsProjectiveAsPossible/build/CMakeFiles/CMakeTmp/CheckSymbolExists.c:2:10: fatal error: OpenCL_INCLUDE_DIR-NOTFOUND/CL/cl.h: No such file or directory
    2 | #include <OpenCL_INCLUDE_DIR-NOTFOUND/CL/cl.h>
      |          ^~~~~~~~~~~~~~~~~~~~~~~~~~~~~~~~~~~~~
compilation terminated.
make[1]: *** [CMakeFiles/cmTC_7d75e.dir/build.make:66: CMakeFiles/cmTC_7d75e.dir/CheckSymbolExists.c.o] Error 1
make[1]: Leaving directory '/home/shane/stitching/AsProjectiveAsPossible/build/CMakeFiles/CMakeTmp'
make: *** [Makefile:121: cmTC_7d75e/fast] Error 2


File /home/shane/stitching/AsProjectiveAsPossible/build/CMakeFiles/CMakeTmp/CheckSymbolExists.c:
/* */
#include <OpenCL_INCLUDE_DIR-NOTFOUND/CL/cl.h>

int main(int argc, char** argv)
{
  (void)argv;
#ifndef CL_VERSION_1_0
  return ((int*)(&CL_VERSION_1_0))[argc];
#else
  (void)argc;
  return 0;
#endif
}
